build/app/intermediates/manifest_merge_blame_file/debug/manifest-merger-blame-debug-report.txt
1<?xml version="1.0" encoding="utf-8"?>
2<manifest xmlns:android="http://schemas.android.com/apk/res/android"
3    package="com.example.new_project"
4    android:versionCode="1"
5    android:versionName="1.0.0" >
6
7    <uses-sdk
8        android:minSdkVersion="21"
9        android:targetSdkVersion="32" />
10    <!--
11         Flutter needs it to communicate with the running application
12         to allow setting breakpoints, to provide hot reload, etc.
13    -->
14    <uses-permission android:name="android.permission.INTERNET" />
14-->src\debug\AndroidManifest.xml:6:5-66
14-->src\debug\AndroidManifest.xml:6:22-64
15    <uses-permission android:name="android.permission.READ_EXTERNAL_STORAGE" />
15-->[:file_picker] AndroidManifest.xml:7:5-80
15-->[:file_picker] AndroidManifest.xml:7:22-77
16
17    <queries>
17-->[:file_picker] AndroidManifest.xml:9:5-15:15
18        <intent>
18-->[:file_picker] AndroidManifest.xml:10:9-14:18
19            <action android:name="android.intent.action.GET_CONTENT" />
19-->[:file_picker] AndroidManifest.xml:11:13-72
19-->[:file_picker] AndroidManifest.xml:11:21-69
20
21            <data android:mimeType="*/*" />
21-->[:file_picker] AndroidManifest.xml:13:13-44
21-->[:file_picker] AndroidManifest.xml:13:19-41
22        </intent>
23        <intent>
23-->[:twitter_login] AndroidManifest.xml:8:9-10:18
24            <action android:name="android.support.customtabs.action.CustomTabsService" />
24-->[:twitter_login] AndroidManifest.xml:9:13-90
24-->[:twitter_login] AndroidManifest.xml:9:21-87
25        </intent>
26    </queries>
27
28    <uses-permission android:name="android.permission.ACCESS_NETWORK_STATE" />
28-->[com.google.firebase:firebase-auth:21.0.3] AndroidManifest.xml:24:5-79
28-->[com.google.firebase:firebase-auth:21.0.3] AndroidManifest.xml:24:22-76
29    <uses-permission android:name="android.permission.WAKE_LOCK" />
29-->[com.google.android.gms:play-services-measurement-api:21.0.0] AndroidManifest.xml:24:5-68
29-->[com.google.android.gms:play-services-measurement-api:21.0.0] AndroidManifest.xml:24:22-65
30    <uses-permission android:name="com.google.android.gms.permission.AD_ID" />
30-->[com.google.android.gms:play-services-measurement-api:21.0.0] AndroidManifest.xml:25:5-79
30-->[com.google.android.gms:play-services-measurement-api:21.0.0] AndroidManifest.xml:25:22-76
31    <uses-permission android:name="com.google.android.finsky.permission.BIND_GET_INSTALL_REFERRER_SERVICE" />
31-->[com.google.android.gms:play-services-measurement:21.0.0] AndroidManifest.xml:26:5-110
31-->[com.google.android.gms:play-services-measurement:21.0.0] AndroidManifest.xml:26:22-107
32
33    <application
34        android:name="android.app.Application"
35        android:appComponentFactory="androidx.core.app.CoreComponentFactory"
35-->[androidx.core:core:1.6.0] AndroidManifest.xml:24:18-86
36        android:debuggable="true"
37        android:icon="@mipmap/launcher_icon"
38        android:label="한양게시판"
39        android:supportsRtl="true" >
39-->[com.facebook.android:facebook-login:13.2.0] AndroidManifest.xml:28:18-44
40        <activity
41            android:name="com.example.new_project.MainActivity"
42            android:configChanges="orientation|keyboardHidden|keyboard|screenSize|smallestScreenSize|locale|layoutDirection|fontScale|screenLayout|density|uiMode"
43            android:exported="true"
44            android:hardwareAccelerated="true"
45            android:launchMode="singleTop"
46            android:theme="@style/LaunchTheme"
47            android:windowSoftInputMode="adjustResize" >
48
49            <!--
50                 Specifies an Android theme to apply to this Activity as soon as
51                 the Android process has started. This theme is visible to the user
52                 while the Flutter UI initializes. After that, this theme continues
53                 to determine the Window background behind the Flutter UI.
54            -->
55            <meta-data
56                android:name="io.flutter.embedding.android.NormalTheme"
57                android:resource="@style/NormalTheme" />
58
59            <intent-filter>
60                <action android:name="android.intent.action.MAIN" />
61
62                <category android:name="android.intent.category.LAUNCHER" />
63            </intent-filter>
64        </activity>
65        <!--
66             Don't delete the meta-data below.
67             This is used by the Flutter tool to generate GeneratedPluginRegistrant.java
68        -->
69        <meta-data
70            android:name="flutterEmbedding"
71            android:value="2" />
72
73        <service
73-->[:firebase_database] AndroidManifest.xml:8:9-12:19
74            android:name="com.google.firebase.components.ComponentDiscoveryService"
74-->[:firebase_database] AndroidManifest.xml:8:18-89
75            android:directBootAware="true"
75-->[com.google.firebase:firebase-common:20.1.1] AndroidManifest.xml:35:13-43
76            android:exported="false" >
76-->[com.google.firebase:firebase-auth:21.0.3] AndroidManifest.xml:66:13-37
77            <meta-data
77-->[:firebase_database] AndroidManifest.xml:9:13-11:85
78                android:name="com.google.firebase.components:io.flutter.plugins.firebase.database.FlutterFirebaseAppRegistrar"
78-->[:firebase_database] AndroidManifest.xml:10:17-127
79                android:value="com.google.firebase.components.ComponentRegistrar" />
79-->[:firebase_database] AndroidManifest.xml:11:17-82
80            <meta-data
80-->[:cloud_firestore] AndroidManifest.xml:9:13-11:85
81                android:name="com.google.firebase.components:io.flutter.plugins.firebase.firestore.FlutterFirebaseFirestoreRegistrar"
81-->[:cloud_firestore] AndroidManifest.xml:10:17-134
82                android:value="com.google.firebase.components.ComponentRegistrar" />
82-->[:cloud_firestore] AndroidManifest.xml:11:17-82
83            <meta-data
83-->[:firebase_dynamic_links] AndroidManifest.xml:11:13-13:85
84                android:name="com.google.firebase.components:io.flutter.plugins.firebase.dynamiclinks.FlutterFirebaseAppRegistrar"
84-->[:firebase_dynamic_links] AndroidManifest.xml:12:17-131
85                android:value="com.google.firebase.components.ComponentRegistrar" />
85-->[:firebase_dynamic_links] AndroidManifest.xml:13:17-82
86            <meta-data
86-->[:firebase_auth] AndroidManifest.xml:9:13-11:85
87                android:name="com.google.firebase.components:io.flutter.plugins.firebase.auth.FlutterFirebaseAuthRegistrar"
87-->[:firebase_auth] AndroidManifest.xml:10:17-124
88                android:value="com.google.firebase.components.ComponentRegistrar" />
88-->[:firebase_auth] AndroidManifest.xml:11:17-82
89            <meta-data
89-->[:firebase_storage] AndroidManifest.xml:9:13-11:85
90                android:name="com.google.firebase.components:io.flutter.plugins.firebase.storage.FlutterFirebaseAppRegistrar"
90-->[:firebase_storage] AndroidManifest.xml:10:17-126
91                android:value="com.google.firebase.components.ComponentRegistrar" />
91-->[:firebase_storage] AndroidManifest.xml:11:17-82
92            <meta-data
92-->[:firebase_core] AndroidManifest.xml:9:13-11:85
93                android:name="com.google.firebase.components:io.flutter.plugins.firebase.core.FlutterFirebaseCoreRegistrar"
93-->[:firebase_core] AndroidManifest.xml:10:17-124
94                android:value="com.google.firebase.components.ComponentRegistrar" />
94-->[:firebase_core] AndroidManifest.xml:11:17-82
95            <meta-data
95-->[com.google.firebase:firebase-auth:21.0.3] AndroidManifest.xml:67:13-69:85
96                android:name="com.google.firebase.components:com.google.firebase.auth.FirebaseAuthRegistrar"
96-->[com.google.firebase:firebase-auth:21.0.3] AndroidManifest.xml:68:17-109
97                android:value="com.google.firebase.components.ComponentRegistrar" />
97-->[com.google.firebase:firebase-auth:21.0.3] AndroidManifest.xml:69:17-82
98            <meta-data
98-->[com.google.firebase:firebase-firestore:24.1.2] AndroidManifest.xml:20:13-22:85
99                android:name="com.google.firebase.components:com.google.firebase.firestore.FirestoreRegistrar"
99-->[com.google.firebase:firebase-firestore:24.1.2] AndroidManifest.xml:21:17-111
100                android:value="com.google.firebase.components.ComponentRegistrar" />
100-->[com.google.firebase:firebase-firestore:24.1.2] AndroidManifest.xml:22:17-82
101            <meta-data
101-->[com.google.firebase:firebase-dynamic-links:21.0.1] AndroidManifest.xml:27:13-29:85
102                android:name="com.google.firebase.components:com.google.firebase.dynamiclinks.internal.FirebaseDynamicLinkRegistrar"
102-->[com.google.firebase:firebase-dynamic-links:21.0.1] AndroidManifest.xml:28:17-133
103                android:value="com.google.firebase.components.ComponentRegistrar" />
103-->[com.google.firebase:firebase-dynamic-links:21.0.1] AndroidManifest.xml:29:17-82
104            <meta-data
104-->[com.google.firebase:firebase-storage:20.0.1] AndroidManifest.xml:33:13-35:85
105                android:name="com.google.firebase.components:com.google.firebase.storage.StorageRegistrar"
105-->[com.google.firebase:firebase-storage:20.0.1] AndroidManifest.xml:34:17-107
106                android:value="com.google.firebase.components.ComponentRegistrar" />
106-->[com.google.firebase:firebase-storage:20.0.1] AndroidManifest.xml:35:17-82
107            <meta-data
107-->[com.google.firebase:firebase-database:20.0.5] AndroidManifest.xml:32:13-34:85
108                android:name="com.google.firebase.components:com.google.firebase.database.DatabaseRegistrar"
108-->[com.google.firebase:firebase-database:20.0.5] AndroidManifest.xml:33:17-109
109                android:value="com.google.firebase.components.ComponentRegistrar" />
109-->[com.google.firebase:firebase-database:20.0.5] AndroidManifest.xml:34:17-82
110            <meta-data
110-->[com.google.android.gms:play-services-measurement-api:21.0.0] AndroidManifest.xml:31:13-33:85
111                android:name="com.google.firebase.components:com.google.firebase.analytics.connector.internal.AnalyticsConnectorRegistrar"
111-->[com.google.android.gms:play-services-measurement-api:21.0.0] AndroidManifest.xml:32:17-139
112                android:value="com.google.firebase.components.ComponentRegistrar" />
112-->[com.google.android.gms:play-services-measurement-api:21.0.0] AndroidManifest.xml:33:17-82
113            <meta-data
113-->[com.google.firebase:firebase-installations:17.0.1] AndroidManifest.xml:18:13-20:85
114                android:name="com.google.firebase.components:com.google.firebase.installations.FirebaseInstallationsRegistrar"
114-->[com.google.firebase:firebase-installations:17.0.1] AndroidManifest.xml:19:17-127
115                android:value="com.google.firebase.components.ComponentRegistrar" />
115-->[com.google.firebase:firebase-installations:17.0.1] AndroidManifest.xml:20:17-82
116        </service>
117
118        <activity android:name="com.maru.twitter_login.chrome_custom_tabs.ChromeCustomTabsActivity" />
118-->[:twitter_login] AndroidManifest.xml:14:9-103
118-->[:twitter_login] AndroidManifest.xml:14:19-100
119
120        <uses-library
120-->[androidx.window:window:1.0.0-beta04] AndroidManifest.xml:25:9-27:40
121            android:name="androidx.window.extensions"
121-->[androidx.window:window:1.0.0-beta04] AndroidManifest.xml:26:13-54
122            android:required="false" />
122-->[androidx.window:window:1.0.0-beta04] AndroidManifest.xml:27:13-37
123        <uses-library
123-->[androidx.window:window:1.0.0-beta04] AndroidManifest.xml:28:9-30:40
124            android:name="androidx.window.sidecar"
124-->[androidx.window:window:1.0.0-beta04] AndroidManifest.xml:29:13-51
125            android:required="false" />
125-->[androidx.window:window:1.0.0-beta04] AndroidManifest.xml:30:13-37
126
127        <activity
127-->[com.google.firebase:firebase-auth:21.0.3] AndroidManifest.xml:27:9-44:20
128            android:name="com.google.firebase.auth.internal.GenericIdpActivity"
128-->[com.google.firebase:firebase-auth:21.0.3] AndroidManifest.xml:28:13-80
129            android:excludeFromRecents="true"
129-->[com.google.firebase:firebase-auth:21.0.3] AndroidManifest.xml:29:13-46
130            android:exported="true"
130-->[com.google.firebase:firebase-auth:21.0.3] AndroidManifest.xml:30:13-36
131            android:launchMode="singleTask"
131-->[com.google.firebase:firebase-auth:21.0.3] AndroidManifest.xml:31:13-44
132            android:theme="@android:style/Theme.Translucent.NoTitleBar" >
132-->[com.google.firebase:firebase-auth:21.0.3] AndroidManifest.xml:32:13-72
133            <intent-filter>
133-->[com.google.firebase:firebase-auth:21.0.3] AndroidManifest.xml:33:13-43:29
134                <action android:name="android.intent.action.VIEW" />
134-->[com.google.firebase:firebase-auth:21.0.3] AndroidManifest.xml:34:17-69
134-->[com.google.firebase:firebase-auth:21.0.3] AndroidManifest.xml:34:25-66
135
136                <category android:name="android.intent.category.DEFAULT" />
136-->[com.google.firebase:firebase-auth:21.0.3] AndroidManifest.xml:36:17-76
136-->[com.google.firebase:firebase-auth:21.0.3] AndroidManifest.xml:36:27-73
137                <category android:name="android.intent.category.BROWSABLE" />
137-->[com.google.firebase:firebase-auth:21.0.3] AndroidManifest.xml:37:17-78
137-->[com.google.firebase:firebase-auth:21.0.3] AndroidManifest.xml:37:27-75
138
139                <data
139-->[:file_picker] AndroidManifest.xml:13:13-44
140                    android:host="firebase.auth"
141                    android:path="/"
142                    android:scheme="genericidp" />
143            </intent-filter>
144        </activity>
145        <activity
145-->[com.google.firebase:firebase-auth:21.0.3] AndroidManifest.xml:45:9-62:20
146            android:name="com.google.firebase.auth.internal.RecaptchaActivity"
146-->[com.google.firebase:firebase-auth:21.0.3] AndroidManifest.xml:46:13-79
147            android:excludeFromRecents="true"
147-->[com.google.firebase:firebase-auth:21.0.3] AndroidManifest.xml:47:13-46
148            android:exported="true"
148-->[com.google.firebase:firebase-auth:21.0.3] AndroidManifest.xml:48:13-36
149            android:launchMode="singleTask"
149-->[com.google.firebase:firebase-auth:21.0.3] AndroidManifest.xml:49:13-44
150            android:theme="@android:style/Theme.Translucent.NoTitleBar" >
150-->[com.google.firebase:firebase-auth:21.0.3] AndroidManifest.xml:50:13-72
151            <intent-filter>
151-->[com.google.firebase:firebase-auth:21.0.3] AndroidManifest.xml:51:13-61:29
152                <action android:name="android.intent.action.VIEW" />
152-->[com.google.firebase:firebase-auth:21.0.3] AndroidManifest.xml:34:17-69
152-->[com.google.firebase:firebase-auth:21.0.3] AndroidManifest.xml:34:25-66
153
154                <category android:name="android.intent.category.DEFAULT" />
154-->[com.google.firebase:firebase-auth:21.0.3] AndroidManifest.xml:36:17-76
154-->[com.google.firebase:firebase-auth:21.0.3] AndroidManifest.xml:36:27-73
155                <category android:name="android.intent.category.BROWSABLE" />
155-->[com.google.firebase:firebase-auth:21.0.3] AndroidManifest.xml:37:17-78
155-->[com.google.firebase:firebase-auth:21.0.3] AndroidManifest.xml:37:27-75
156
157                <data
157-->[:file_picker] AndroidManifest.xml:13:13-44
158                    android:host="firebase.auth"
159                    android:path="/"
160                    android:scheme="recaptcha" />
161            </intent-filter>
162        </activity>
163
164        <provider
164-->[com.google.firebase:firebase-common:20.1.1] AndroidManifest.xml:26:9-31:39
165            android:name="com.google.firebase.provider.FirebaseInitProvider"
165-->[com.google.firebase:firebase-common:20.1.1] AndroidManifest.xml:27:13-77
166            android:authorities="com.example.new_project.firebaseinitprovider"
166-->[com.google.firebase:firebase-common:20.1.1] AndroidManifest.xml:28:13-72
167            android:directBootAware="true"
167-->[com.google.firebase:firebase-common:20.1.1] AndroidManifest.xml:29:13-43
168            android:exported="false"
168-->[com.google.firebase:firebase-common:20.1.1] AndroidManifest.xml:30:13-37
169            android:initOrder="100" />
169-->[com.google.firebase:firebase-common:20.1.1] AndroidManifest.xml:31:13-36
170
171        <activity
171-->[com.facebook.android:facebook-common:13.2.0] AndroidManifest.xml:30:9-33:66
172            android:name="com.facebook.FacebookActivity"
172-->[com.facebook.android:facebook-common:13.2.0] AndroidManifest.xml:31:13-57
173            android:configChanges="keyboard|keyboardHidden|screenLayout|screenSize|orientation"
173-->[com.facebook.android:facebook-common:13.2.0] AndroidManifest.xml:32:13-96
174            android:theme="@style/com_facebook_activity_theme" />
174-->[com.facebook.android:facebook-common:13.2.0] AndroidManifest.xml:33:13-63
175        <activity android:name="com.facebook.CustomTabMainActivity" />
175-->[com.facebook.android:facebook-common:13.2.0] AndroidManifest.xml:34:9-71
175-->[com.facebook.android:facebook-common:13.2.0] AndroidManifest.xml:34:19-68
176        <activity
176-->[com.facebook.android:facebook-common:13.2.0] AndroidManifest.xml:35:9-49:20
177            android:name="com.facebook.CustomTabActivity"
177-->[com.facebook.android:facebook-common:13.2.0] AndroidManifest.xml:36:13-58
178            android:exported="true" >
178-->[com.facebook.android:facebook-common:13.2.0] AndroidManifest.xml:37:13-36
179            <intent-filter>
179-->[com.facebook.android:facebook-common:13.2.0] AndroidManifest.xml:39:13-48:29
180                <action android:name="android.intent.action.VIEW" />
180-->[com.google.firebase:firebase-auth:21.0.3] AndroidManifest.xml:34:17-69
180-->[com.google.firebase:firebase-auth:21.0.3] AndroidManifest.xml:34:25-66
181
182                <category android:name="android.intent.category.DEFAULT" />
182-->[com.google.firebase:firebase-auth:21.0.3] AndroidManifest.xml:36:17-76
182-->[com.google.firebase:firebase-auth:21.0.3] AndroidManifest.xml:36:27-73
183                <category android:name="android.intent.category.BROWSABLE" />
183-->[com.google.firebase:firebase-auth:21.0.3] AndroidManifest.xml:37:17-78
183-->[com.google.firebase:firebase-auth:21.0.3] AndroidManifest.xml:37:27-75
184
185                <data
185-->[:file_picker] AndroidManifest.xml:13:13-44
186                    android:host="cct.com.example.new_project"
187                    android:scheme="fbconnect" />
188            </intent-filter>
189        </activity>
190        <activity
190-->[com.google.android.gms:play-services-auth:20.0.1] AndroidManifest.xml:23:9-27:75
191            android:name="com.google.android.gms.auth.api.signin.internal.SignInHubActivity"
191-->[com.google.android.gms:play-services-auth:20.0.1] AndroidManifest.xml:24:13-93
192            android:excludeFromRecents="true"
192-->[com.google.android.gms:play-services-auth:20.0.1] AndroidManifest.xml:25:13-46
193            android:exported="false"
193-->[com.google.android.gms:play-services-auth:20.0.1] AndroidManifest.xml:26:13-37
194            android:theme="@android:style/Theme.Translucent.NoTitleBar" />
194-->[com.google.android.gms:play-services-auth:20.0.1] AndroidManifest.xml:27:13-72
195        <!--
196            Service handling Google Sign-In user revocation. For apps that do not integrate with
197            Google Sign-In, this service will never be started.
198        -->
199        <service
199-->[com.google.android.gms:play-services-auth:20.0.1] AndroidManifest.xml:33:9-37:51
200            android:name="com.google.android.gms.auth.api.signin.RevocationBoundService"
200-->[com.google.android.gms:play-services-auth:20.0.1] AndroidManifest.xml:34:13-89
201            android:exported="true"
201-->[com.google.android.gms:play-services-auth:20.0.1] AndroidManifest.xml:35:13-36
202            android:permission="com.google.android.gms.auth.api.signin.permission.REVOCATION_NOTIFICATION"
202-->[com.google.android.gms:play-services-auth:20.0.1] AndroidManifest.xml:36:13-107
203            android:visibleToInstantApps="true" />
203-->[com.google.android.gms:play-services-auth:20.0.1] AndroidManifest.xml:37:13-48
204
205        <receiver
205-->[com.google.android.gms:play-services-measurement:21.0.0] AndroidManifest.xml:29:9-33:20
206            android:name="com.google.android.gms.measurement.AppMeasurementReceiver"
206-->[com.google.android.gms:play-services-measurement:21.0.0] AndroidManifest.xml:30:13-85
207            android:enabled="true"
207-->[com.google.android.gms:play-services-measurement:21.0.0] AndroidManifest.xml:31:13-35
208            android:exported="false" >
208-->[com.google.android.gms:play-services-measurement:21.0.0] AndroidManifest.xml:32:13-37
209        </receiver>
210
211        <service
211-->[com.google.android.gms:play-services-measurement:21.0.0] AndroidManifest.xml:35:9-38:40
212            android:name="com.google.android.gms.measurement.AppMeasurementService"
212-->[com.google.android.gms:play-services-measurement:21.0.0] AndroidManifest.xml:36:13-84
213            android:enabled="true"
213-->[com.google.android.gms:play-services-measurement:21.0.0] AndroidManifest.xml:37:13-35
214            android:exported="false" />
214-->[com.google.android.gms:play-services-measurement:21.0.0] AndroidManifest.xml:38:13-37
215        <service
215-->[com.google.android.gms:play-services-measurement:21.0.0] AndroidManifest.xml:39:9-43:72
216            android:name="com.google.android.gms.measurement.AppMeasurementJobService"
216-->[com.google.android.gms:play-services-measurement:21.0.0] AndroidManifest.xml:40:13-87
217            android:enabled="true"
217-->[com.google.android.gms:play-services-measurement:21.0.0] AndroidManifest.xml:41:13-35
218            android:exported="false"
218-->[com.google.android.gms:play-services-measurement:21.0.0] AndroidManifest.xml:42:13-37
219            android:permission="android.permission.BIND_JOB_SERVICE" />
219-->[com.google.android.gms:play-services-measurement:21.0.0] AndroidManifest.xml:43:13-69
220
221        <activity
221-->[com.google.android.gms:play-services-base:18.0.1] AndroidManifest.xml:20:9-22:45
222            android:name="com.google.android.gms.common.api.GoogleApiActivity"
222-->[com.google.android.gms:play-services-base:18.0.1] AndroidManifest.xml:20:19-85
223            android:exported="false"
223-->[com.google.android.gms:play-services-base:18.0.1] AndroidManifest.xml:22:19-43
224            android:theme="@android:style/Theme.Translucent.NoTitleBar" />
224-->[com.google.android.gms:play-services-base:18.0.1] AndroidManifest.xml:21:19-78
225
226        <meta-data
226-->[com.google.android.gms:play-services-basement:18.0.0] AndroidManifest.xml:21:9-23:69
227            android:name="com.google.android.gms.version"
227-->[com.google.android.gms:play-services-basement:18.0.0] AndroidManifest.xml:22:13-58
228            android:value="@integer/google_play_services_version" />
228-->[com.google.android.gms:play-services-basement:18.0.0] AndroidManifest.xml:23:13-66
229        <!--
230         The initialization ContentProvider will call FacebookSdk.sdkInitialize automatically
231         with the application context. This config is merged in with the host app's manifest,
232         but there can only be one provider with the same authority activated at any given
233         point; so if the end user has two or more different apps that use Facebook SDK, only the
234         first one will be able to use the provider. To work around this problem, we use the
235         following placeholder in the authority to identify each host application as if it was
236         a completely different provider.
237        -->
238        <provider
238-->[com.facebook.android:facebook-core:13.2.0] AndroidManifest.xml:41:9-44:40
239            android:name="com.facebook.internal.FacebookInitProvider"
239-->[com.facebook.android:facebook-core:13.2.0] AndroidManifest.xml:42:13-70
240            android:authorities="com.example.new_project.FacebookInitProvider"
240-->[com.facebook.android:facebook-core:13.2.0] AndroidManifest.xml:43:13-72
241            android:exported="false" />
241-->[com.facebook.android:facebook-core:13.2.0] AndroidManifest.xml:44:13-37
242
243        <receiver
243-->[com.facebook.android:facebook-core:13.2.0] AndroidManifest.xml:46:9-52:20
244            android:name="com.facebook.CurrentAccessTokenExpirationBroadcastReceiver"
244-->[com.facebook.android:facebook-core:13.2.0] AndroidManifest.xml:47:13-86
245            android:exported="false" >
245-->[com.facebook.android:facebook-core:13.2.0] AndroidManifest.xml:48:13-37
246            <intent-filter>
246-->[com.facebook.android:facebook-core:13.2.0] AndroidManifest.xml:49:13-51:29
247                <action android:name="com.facebook.sdk.ACTION_CURRENT_ACCESS_TOKEN_CHANGED" />
247-->[com.facebook.android:facebook-core:13.2.0] AndroidManifest.xml:50:17-95
247-->[com.facebook.android:facebook-core:13.2.0] AndroidManifest.xml:50:25-92
248            </intent-filter>
249        </receiver>
250        <receiver
250-->[com.facebook.android:facebook-core:13.2.0] AndroidManifest.xml:53:9-59:20
251            android:name="com.facebook.AuthenticationTokenManager$CurrentAuthenticationTokenChangedBroadcastReceiver"
251-->[com.facebook.android:facebook-core:13.2.0] AndroidManifest.xml:54:13-118
252            android:exported="false" >
252-->[com.facebook.android:facebook-core:13.2.0] AndroidManifest.xml:55:13-37
253            <intent-filter>
253-->[com.facebook.android:facebook-core:13.2.0] AndroidManifest.xml:56:13-58:29
254                <action android:name="com.facebook.sdk.ACTION_CURRENT_AUTHENTICATION_TOKEN_CHANGED" />
254-->[com.facebook.android:facebook-core:13.2.0] AndroidManifest.xml:57:17-103
254-->[com.facebook.android:facebook-core:13.2.0] AndroidManifest.xml:57:25-100
255            </intent-filter>
256        </receiver>
257    </application>
258
259</manifest>